<?xml version="1.0" encoding="UTF-8"?>
<testng-results ignored="0" total="3" passed="3" failed="0" skipped="0">
  <reporter-output>
  </reporter-output>
  <suite started-at="2024-04-21T11:15:01 IST" name="Suite" finished-at="2024-04-21T11:15:44 IST" duration-ms="42618">
    <groups>
    </groups>
    <test started-at="2024-04-21T11:15:01 IST" name="Test2" finished-at="2024-04-21T11:15:38 IST" duration-ms="36749">
      <class name="com.crossBrowserTesting.crossBrowserAssignment">
        <test-method is-config="true" signature="beforeTest(java.lang.String)[pri:0, instance:com.crossBrowserTesting.crossBrowserAssignment@4686afc2]" started-at="2024-04-21T11:15:01 IST" name="beforeTest" finished-at="2024-04-21T11:15:09 IST" duration-ms="7793" status="PASS">
          <params>
            <param index="0">
              <value>
                <![CDATA[firefox]]>
              </value>
            </param>
          </params>
          <reporter-output>
          </reporter-output>
        </test-method> <!-- beforeTest -->
        <test-method signature="CBTest()[pri:0, instance:com.crossBrowserTesting.crossBrowserAssignment@4686afc2]" started-at="2024-04-21T11:15:09 IST" name="CBTest" finished-at="2024-04-21T11:15:38 IST" duration-ms="28941" status="PASS">
          <reporter-output>
          </reporter-output>
        </test-method> <!-- CBTest -->
      </class> <!-- com.crossBrowserTesting.crossBrowserAssignment -->
    </test> <!-- Test2 -->
    <test started-at="2024-04-21T11:15:01 IST" name="Test1" finished-at="2024-04-21T11:15:39 IST" duration-ms="37887">
      <class name="com.crossBrowserTesting.crossBrowserAssignment">
        <test-method is-config="true" signature="beforeTest(java.lang.String)[pri:0, instance:com.crossBrowserTesting.crossBrowserAssignment@6253c26]" started-at="2024-04-21T11:15:01 IST" name="beforeTest" finished-at="2024-04-21T11:15:05 IST" duration-ms="4410" status="PASS">
          <params>
            <param index="0">
              <value>
                <![CDATA[chrome]]>
              </value>
            </param>
          </params>
          <reporter-output>
          </reporter-output>
        </test-method> <!-- beforeTest -->
        <test-method signature="CBTest()[pri:0, instance:com.crossBrowserTesting.crossBrowserAssignment@6253c26]" started-at="2024-04-21T11:15:05 IST" name="CBTest" finished-at="2024-04-21T11:15:39 IST" duration-ms="33449" status="PASS">
          <reporter-output>
          </reporter-output>
        </test-method> <!-- CBTest -->
      </class> <!-- com.crossBrowserTesting.crossBrowserAssignment -->
    </test> <!-- Test1 -->
    <test started-at="2024-04-21T11:15:01 IST" name="Test3" finished-at="2024-04-21T11:15:44 IST" duration-ms="42618">
      <class name="com.crossBrowserTesting.crossBrowserAssignment">
        <test-method is-config="true" signature="beforeTest(java.lang.String)[pri:0, instance:com.crossBrowserTesting.crossBrowserAssignment@f09733f]" started-at="2024-04-21T11:15:01 IST" name="beforeTest" finished-at="2024-04-21T11:15:07 IST" duration-ms="5845" status="PASS">
          <params>
            <param index="0">
              <value>
                <![CDATA[edge]]>
              </value>
            </param>
          </params>
          <reporter-output>
          </reporter-output>
        </test-method> <!-- beforeTest -->
        <test-method signature="CBTest()[pri:0, instance:com.crossBrowserTesting.crossBrowserAssignment@f09733f]" started-at="2024-04-21T11:15:07 IST" name="CBTest" finished-at="2024-04-21T11:15:44 IST" duration-ms="36766" status="PASS">
          <reporter-output>
          </reporter-output>
        </test-method> <!-- CBTest -->
      </class> <!-- com.crossBrowserTesting.crossBrowserAssignment -->
    </test> <!-- Test3 -->
  </suite> <!-- Suite -->
</testng-results>
